Arguments: 
  C:\Users\g934\nodejs\node.exe C:\Users\g934\AppData\Roaming\npm\node_modules\yarn\bin\yarn.js add donemon -D

PATH: 
  C:\Users\g934\bin;C:\Program Files\Git\mingw64\bin;C:\Program Files\Git\usr\local\bin;C:\Program Files\Git\usr\bin;C:\Program Files\Git\usr\bin;C:\Program Files\Git\mingw64\bin;C:\Program Files\Git\usr\bin;C:\Users\g934\bin;C:\Program Files (x86)\Common Files\Oracle\Java\javapath;C:\Program Files\ImageMagick-7.1.0-Q16;C:\WINDOWS\system32;C:\WINDOWS;C:\WINDOWS\System32\Wbem;C:\WINDOWS\System32\WindowsPowerShell\v1.0;C:\WINDOWS\System32\OpenSSH;C:\PROGRA~2\IBM\CLIENT~1;C:\PROGRA~2\IBM\CLIENT~1\Shared;C:\PROGRA~2\IBM\CLIENT~1\Emulator;%LOCALAPPDATA%\Android\Sdk\platform-tools;%LOCALAPPDATA%\Android\Sdk\tools;C:\Users\g934\nodejs;C:\Program Files\Git\usr\bin;C:\Program Files\Git\cmd;C:\Users\g934\AppData\Local\Microsoft\WindowsApps;C:\Users\g934\AppData\Local\Android\Sdk\platform-tools;C:\Users\g934\AppData\Local\Android\Sdk\tools;C:\Program Files\Java\jdk1.8.0_181\bin;C:\Users\g934\AppData\Local\Programs\Microsoft VS Code\bin;C:\Users\g934\AppData\Roaming\npm;C:\Program Files\Git\usr\bin\vendor_perl;C:\Program Files\Git\usr\bin\core_perl

Yarn version: 
  1.22.17

Node version: 
  16.17.0

Platform: 
  win32 x64

Trace: 
  Error: https://registry.yarnpkg.com/donemon: Not found
      at Request.params.callback [as _callback] (C:\Users\g934\AppData\Roaming\npm\node_modules\yarn\lib\cli.js:67029:18)
      at Request.self.callback (C:\Users\g934\AppData\Roaming\npm\node_modules\yarn\lib\cli.js:140883:22)
      at Request.emit (node:events:513:28)
      at Request.<anonymous> (C:\Users\g934\AppData\Roaming\npm\node_modules\yarn\lib\cli.js:141855:10)
      at Request.emit (node:events:513:28)
      at IncomingMessage.<anonymous> (C:\Users\g934\AppData\Roaming\npm\node_modules\yarn\lib\cli.js:141777:12)
      at Object.onceWrapper (node:events:627:28)
      at IncomingMessage.emit (node:events:525:35)
      at endReadableNT (node:internal/streams/readable:1358:12)
      at processTicksAndRejections (node:internal/process/task_queues:83:21)

npm manifest: 
  {
    "name": "nodejs",
    "version": "1.0.0",
    "description": "belajar js",
    "main": "index.js",
    "scripts": {
      "start": "node index.js",
      "create": "mkdir src",
      "dev": "nodemode index.js"
    },
    "author": "aci",
    "license": "ISC",
    "dependencies": {}
  }

yarn manifest: 
  No manifest

Lockfile: 
  # THIS IS AN AUTOGENERATED FILE. DO NOT EDIT THIS FILE DIRECTLY.
  # yarn lockfile v1
